Analysis & Synthesis report for N_count
Thu Jun 23 21:29:26 2022
Quartus Prime Version 21.1.0 Build 842 10/21/2021 SJ Lite Edition


---------------------
; Table of Contents ;
---------------------
  1. Legal Notice
  2. Analysis & Synthesis Summary
  3. Analysis & Synthesis Settings
  4. Parallel Compilation
  5. Analysis & Synthesis Source Files Read
  6. Analysis & Synthesis Resource Usage Summary
  7. Analysis & Synthesis Resource Utilization by Entity
  8. General Register Statistics
  9. Inverted Register Statistics
 10. Multiplexer Restructuring Statistics (Restructuring Performed)
 11. Post-Synthesis Netlist Statistics for Top Partition
 12. Elapsed Time Per Partition
 13. Analysis & Synthesis Messages
 14. Analysis & Synthesis Suppressed Messages



----------------
; Legal Notice ;
----------------
Copyright (C) 2021  Intel Corporation. All rights reserved.
Your use of Intel Corporation's design tools, logic functions 
and other software and tools, and any partner logic 
functions, and any output files from any of the foregoing 
(including device programming or simulation files), and any 
associated documentation or information are expressly subject 
to the terms and conditions of the Intel Program License 
Subscription Agreement, the Intel Quartus Prime License Agreement,
the Intel FPGA IP License Agreement, or other applicable license
agreement, including, without limitation, that your use is for
the sole purpose of programming logic devices manufactured by
Intel and sold by Intel or its authorized distributors.  Please
refer to the applicable agreement for further details, at
https://fpgasoftware.intel.com/eula.



+----------------------------------------------------------------------------------+
; Analysis & Synthesis Summary                                                     ;
+------------------------------------+---------------------------------------------+
; Analysis & Synthesis Status        ; Successful - Thu Jun 23 21:29:26 2022       ;
; Quartus Prime Version              ; 21.1.0 Build 842 10/21/2021 SJ Lite Edition ;
; Revision Name                      ; N_count                                     ;
; Top-level Entity Name              ; N_count                                     ;
; Family                             ; MAX 10                                      ;
; Total logic elements               ; 92                                          ;
;     Total combinational functions  ; 92                                          ;
;     Dedicated logic registers      ; 61                                          ;
; Total registers                    ; 61                                          ;
; Total pins                         ; 43                                          ;
; Total virtual pins                 ; 0                                           ;
; Total memory bits                  ; 0                                           ;
; Embedded Multiplier 9-bit elements ; 0                                           ;
; Total PLLs                         ; 0                                           ;
; UFM blocks                         ; 0                                           ;
; ADC blocks                         ; 0                                           ;
+------------------------------------+---------------------------------------------+


+------------------------------------------------------------------------------------------------------------+
; Analysis & Synthesis Settings                                                                              ;
+------------------------------------------------------------------+--------------------+--------------------+
; Option                                                           ; Setting            ; Default Value      ;
+------------------------------------------------------------------+--------------------+--------------------+
; Device                                                           ; 10M50DAF484C7G     ;                    ;
; Top-level entity name                                            ; N_count            ; N_count            ;
; Family name                                                      ; MAX 10             ; Cyclone V          ;
; Use smart compilation                                            ; Off                ; Off                ;
; Enable parallel Assembler and Timing Analyzer during compilation ; On                 ; On                 ;
; Enable compact report table                                      ; Off                ; Off                ;
; Restructure Multiplexers                                         ; Auto               ; Auto               ;
; Create Debugging Nodes for IP Cores                              ; Off                ; Off                ;
; Preserve fewer node names                                        ; On                 ; On                 ;
; Intel FPGA IP Evaluation Mode                                    ; Enable             ; Enable             ;
; Verilog Version                                                  ; Verilog_2001       ; Verilog_2001       ;
; VHDL Version                                                     ; VHDL_1993          ; VHDL_1993          ;
; State Machine Processing                                         ; Auto               ; Auto               ;
; Safe State Machine                                               ; Off                ; Off                ;
; Extract Verilog State Machines                                   ; On                 ; On                 ;
; Extract VHDL State Machines                                      ; On                 ; On                 ;
; Ignore Verilog initial constructs                                ; Off                ; Off                ;
; Iteration limit for constant Verilog loops                       ; 5000               ; 5000               ;
; Iteration limit for non-constant Verilog loops                   ; 250                ; 250                ;
; Add Pass-Through Logic to Inferred RAMs                          ; On                 ; On                 ;
; Infer RAMs from Raw Logic                                        ; On                 ; On                 ;
; Parallel Synthesis                                               ; On                 ; On                 ;
; DSP Block Balancing                                              ; Auto               ; Auto               ;
; NOT Gate Push-Back                                               ; On                 ; On                 ;
; Power-Up Don't Care                                              ; On                 ; On                 ;
; Remove Redundant Logic Cells                                     ; Off                ; Off                ;
; Remove Duplicate Registers                                       ; On                 ; On                 ;
; Ignore CARRY Buffers                                             ; Off                ; Off                ;
; Ignore CASCADE Buffers                                           ; Off                ; Off                ;
; Ignore GLOBAL Buffers                                            ; Off                ; Off                ;
; Ignore ROW GLOBAL Buffers                                        ; Off                ; Off                ;
; Ignore LCELL Buffers                                             ; Off                ; Off                ;
; Ignore SOFT Buffers                                              ; On                 ; On                 ;
; Limit AHDL Integers to 32 Bits                                   ; Off                ; Off                ;
; Optimization Technique                                           ; Balanced           ; Balanced           ;
; Carry Chain Length                                               ; 70                 ; 70                 ;
; Auto Carry Chains                                                ; On                 ; On                 ;
; Auto Open-Drain Pins                                             ; On                 ; On                 ;
; Perform WYSIWYG Primitive Resynthesis                            ; Off                ; Off                ;
; Auto ROM Replacement                                             ; On                 ; On                 ;
; Auto RAM Replacement                                             ; On                 ; On                 ;
; Auto DSP Block Replacement                                       ; On                 ; On                 ;
; Auto Shift Register Replacement                                  ; Auto               ; Auto               ;
; Allow Shift Register Merging across Hierarchies                  ; Auto               ; Auto               ;
; Auto Clock Enable Replacement                                    ; On                 ; On                 ;
; Strict RAM Replacement                                           ; Off                ; Off                ;
; Allow Synchronous Control Signals                                ; On                 ; On                 ;
; Force Use of Synchronous Clear Signals                           ; Off                ; Off                ;
; Auto RAM Block Balancing                                         ; On                 ; On                 ;
; Auto RAM to Logic Cell Conversion                                ; Off                ; Off                ;
; Auto Resource Sharing                                            ; Off                ; Off                ;
; Allow Any RAM Size For Recognition                               ; Off                ; Off                ;
; Allow Any ROM Size For Recognition                               ; Off                ; Off                ;
; Allow Any Shift Register Size For Recognition                    ; Off                ; Off                ;
; Use LogicLock Constraints during Resource Balancing              ; On                 ; On                 ;
; Ignore translate_off and synthesis_off directives                ; Off                ; Off                ;
; Timing-Driven Synthesis                                          ; On                 ; On                 ;
; Report Parameter Settings                                        ; On                 ; On                 ;
; Report Source Assignments                                        ; On                 ; On                 ;
; Report Connectivity Checks                                       ; On                 ; On                 ;
; Ignore Maximum Fan-Out Assignments                               ; Off                ; Off                ;
; Synchronization Register Chain Length                            ; 2                  ; 2                  ;
; Power Optimization During Synthesis                              ; Normal compilation ; Normal compilation ;
; HDL message level                                                ; Level2             ; Level2             ;
; Suppress Register Optimization Related Messages                  ; Off                ; Off                ;
; Number of Removed Registers Reported in Synthesis Report         ; 5000               ; 5000               ;
; Number of Swept Nodes Reported in Synthesis Report               ; 5000               ; 5000               ;
; Number of Inverted Registers Reported in Synthesis Report        ; 100                ; 100                ;
; Clock MUX Protection                                             ; On                 ; On                 ;
; Auto Gated Clock Conversion                                      ; Off                ; Off                ;
; Block Design Naming                                              ; Auto               ; Auto               ;
; SDC constraint protection                                        ; Off                ; Off                ;
; Synthesis Effort                                                 ; Auto               ; Auto               ;
; Shift Register Replacement - Allow Asynchronous Clear Signal     ; On                 ; On                 ;
; Pre-Mapping Resynthesis Optimization                             ; Off                ; Off                ;
; Analysis & Synthesis Message Level                               ; Medium             ; Medium             ;
; Disable Register Merging Across Hierarchies                      ; Auto               ; Auto               ;
; Resource Aware Inference For Block RAM                           ; On                 ; On                 ;
+------------------------------------------------------------------+--------------------+--------------------+


+------------------------------------------+
; Parallel Compilation                     ;
+----------------------------+-------------+
; Processors                 ; Number      ;
+----------------------------+-------------+
; Number detected on machine ; 8           ;
; Maximum allowed            ; 4           ;
;                            ;             ;
; Average used               ; 1.00        ;
; Maximum used               ; 4           ;
;                            ;             ;
; Usage by Processor         ; % Time Used ;
;     Processor 1            ; 100.0%      ;
;     Processors 2-4         ;   0.0%      ;
+----------------------------+-------------+


+-------------------------------------------------------------------------------------------------------------------------------------+
; Analysis & Synthesis Source Files Read                                                                                              ;
+----------------------------------+-----------------+------------------------+---------------------------------------------+---------+
; File Name with User-Entered Path ; Used in Netlist ; File Type              ; File Name with Absolute Path                ; Library ;
+----------------------------------+-----------------+------------------------+---------------------------------------------+---------+
; N_count.v                        ; yes             ; User Verilog HDL File  ; D:/FPGA/de10_Program/NUMBER_COUNT/N_count.v ;         ;
+----------------------------------+-----------------+------------------------+---------------------------------------------+---------+


+---------------------------------------------------------+
; Analysis & Synthesis Resource Usage Summary             ;
+---------------------------------------------+-----------+
; Resource                                    ; Usage     ;
+---------------------------------------------+-----------+
; Estimated Total logic elements              ; 92        ;
;                                             ;           ;
; Total combinational functions               ; 92        ;
; Logic element usage by number of LUT inputs ;           ;
;     -- 4 input functions                    ; 33        ;
;     -- 3 input functions                    ; 12        ;
;     -- <=2 input functions                  ; 47        ;
;                                             ;           ;
; Logic elements by mode                      ;           ;
;     -- normal mode                          ; 49        ;
;     -- arithmetic mode                      ; 43        ;
;                                             ;           ;
; Total registers                             ; 61        ;
;     -- Dedicated logic registers            ; 61        ;
;     -- I/O registers                        ; 0         ;
;                                             ;           ;
; I/O pins                                    ; 43        ;
;                                             ;           ;
; Embedded Multiplier 9-bit elements          ; 0         ;
;                                             ;           ;
; Maximum fan-out node                        ; clk~input ;
; Maximum fan-out                             ; 33        ;
; Total fan-out                               ; 482       ;
; Average fan-out                             ; 2.02      ;
+---------------------------------------------+-----------+


+------------------------------------------------------------------------------------------------------------------------------------------------------------------------------------------------------------------------------------+
; Analysis & Synthesis Resource Utilization by Entity                                                                                                                                                                                ;
+----------------------------+---------------------+---------------------------+-------------+------------+--------------+---------+-----------+------+--------------+------------+---------------------+-------------+--------------+
; Compilation Hierarchy Node ; Combinational ALUTs ; Dedicated Logic Registers ; Memory Bits ; UFM Blocks ; DSP Elements ; DSP 9x9 ; DSP 18x18 ; Pins ; Virtual Pins ; ADC blocks ; Full Hierarchy Name ; Entity Name ; Library Name ;
+----------------------------+---------------------+---------------------------+-------------+------------+--------------+---------+-----------+------+--------------+------------+---------------------+-------------+--------------+
; |N_count                   ; 92 (92)             ; 61 (61)                   ; 0           ; 0          ; 0            ; 0       ; 0         ; 43   ; 0            ; 0          ; |N_count            ; N_count     ; work         ;
+----------------------------+---------------------+---------------------------+-------------+------------+--------------+---------+-----------+------+--------------+------------+---------------------+-------------+--------------+
Note: For table entries with two numbers listed, the numbers in parentheses indicate the number of resources of the given type used by the specific entity alone. The numbers listed outside of parentheses indicate the total resources of the given type used by the specific entity and all of its sub-entities in the hierarchy.


+------------------------------------------------------+
; General Register Statistics                          ;
+----------------------------------------------+-------+
; Statistic                                    ; Value ;
+----------------------------------------------+-------+
; Total registers                              ; 61    ;
; Number of registers using Synchronous Clear  ; 32    ;
; Number of registers using Synchronous Load   ; 0     ;
; Number of registers using Asynchronous Clear ; 0     ;
; Number of registers using Asynchronous Load  ; 0     ;
; Number of registers using Clock Enable       ; 13    ;
; Number of registers using Preset             ; 0     ;
+----------------------------------------------+-------+


+---------------------------------------------------+
; Inverted Register Statistics                      ;
+-----------------------------------------+---------+
; Inverted Register                       ; Fan out ;
+-----------------------------------------+---------+
; segment_0[0]                            ; 1       ;
; segment_0[1]                            ; 2       ;
; segment_0[2]                            ; 1       ;
; segment_0[3]                            ; 1       ;
; segment_0[4]                            ; 1       ;
; segment_0[5]                            ; 1       ;
; segment_0[6]                            ; 1       ;
; segment_1[0]                            ; 1       ;
; segment_1[1]                            ; 1       ;
; segment_1[2]                            ; 1       ;
; segment_1[3]                            ; 1       ;
; segment_1[4]                            ; 1       ;
; segment_1[5]                            ; 1       ;
; segment_1[6]                            ; 1       ;
; cnt_1[2]                                ; 2       ;
; Total number of inverted registers = 15 ;         ;
+-----------------------------------------+---------+


+------------------------------------------------------------------------------------------------------------------------------------------+
; Multiplexer Restructuring Statistics (Restructuring Performed)                                                                           ;
+--------------------+-----------+---------------+----------------------+------------------------+------------+----------------------------+
; Multiplexer Inputs ; Bus Width ; Baseline Area ; Area if Restructured ; Saving if Restructured ; Registered ; Example Multiplexer Output ;
+--------------------+-----------+---------------+----------------------+------------------------+------------+----------------------------+
; 128:1              ; 6 bits    ; 510 LEs       ; 36 LEs               ; 474 LEs                ; Yes        ; |N_count|segment_0[2]      ;
; 128:1              ; 7 bits    ; 595 LEs       ; 42 LEs               ; 553 LEs                ; Yes        ; |N_count|segment_1[1]      ;
+--------------------+-----------+---------------+----------------------+------------------------+------------+----------------------------+


+-----------------------------------------------------+
; Post-Synthesis Netlist Statistics for Top Partition ;
+-----------------------+-----------------------------+
; Type                  ; Count                       ;
+-----------------------+-----------------------------+
; boundary_port         ; 43                          ;
; cycloneiii_ff         ; 61                          ;
;     ENA               ; 13                          ;
;     SCLR              ; 32                          ;
;     plain             ; 16                          ;
; cycloneiii_lcell_comb ; 107                         ;
;     arith             ; 43                          ;
;         2 data inputs ; 41                          ;
;         3 data inputs ; 2                           ;
;     normal            ; 64                          ;
;         0 data inputs ; 1                           ;
;         1 data inputs ; 18                          ;
;         2 data inputs ; 2                           ;
;         3 data inputs ; 10                          ;
;         4 data inputs ; 33                          ;
;                       ;                             ;
; Max LUT depth         ; 8.60                        ;
; Average LUT depth     ; 4.31                        ;
+-----------------------+-----------------------------+


+-------------------------------+
; Elapsed Time Per Partition    ;
+----------------+--------------+
; Partition Name ; Elapsed Time ;
+----------------+--------------+
; Top            ; 00:00:00     ;
+----------------+--------------+


+-------------------------------+
; Analysis & Synthesis Messages ;
+-------------------------------+
Info: *******************************************************************
Info: Running Quartus Prime Analysis & Synthesis
    Info: Version 21.1.0 Build 842 10/21/2021 SJ Lite Edition
    Info: Processing started: Thu Jun 23 21:29:16 2022
Info: Command: quartus_map --read_settings_files=on --write_settings_files=off N_count -c N_count
Warning (18236): Number of processors has not been specified which may cause overloading on shared machines.  Set the global assignment NUM_PARALLEL_PROCESSORS in your QSF to an appropriate value for best performance.
Info (20030): Parallel compilation is enabled and will use 4 of the 4 processors detected
Info (12021): Found 1 design units, including 1 entities, in source file n_count.v
    Info (12023): Found entity 1: N_count File: D:/FPGA/de10_Program/NUMBER_COUNT/N_count.v Line: 1
Info (12127): Elaborating entity "N_count" for the top level hierarchy
Warning (10858): Verilog HDL warning at N_count.v(12): object cnt_2 used but never assigned File: D:/FPGA/de10_Program/NUMBER_COUNT/N_count.v Line: 12
Warning (10036): Verilog HDL or VHDL warning at N_count.v(26): object "segment_2" assigned a value but never read File: D:/FPGA/de10_Program/NUMBER_COUNT/N_count.v Line: 26
Warning (10646): Verilog HDL Event Control warning at N_count.v(52): posedge or negedge of vector "clk_o" depends solely on its least-significant bit File: D:/FPGA/de10_Program/NUMBER_COUNT/N_count.v Line: 52
Warning (10230): Verilog HDL assignment warning at N_count.v(77): truncated value with size 32 to match size of target (7) File: D:/FPGA/de10_Program/NUMBER_COUNT/N_count.v Line: 77
Warning (10230): Verilog HDL assignment warning at N_count.v(85): truncated value with size 32 to match size of target (7) File: D:/FPGA/de10_Program/NUMBER_COUNT/N_count.v Line: 85
Warning (10272): Verilog HDL Case Statement warning at N_count.v(101): case item expression covers a value already covered by a previous case item File: D:/FPGA/de10_Program/NUMBER_COUNT/N_count.v Line: 101
Warning (10272): Verilog HDL Case Statement warning at N_count.v(115): case item expression covers a value already covered by a previous case item File: D:/FPGA/de10_Program/NUMBER_COUNT/N_count.v Line: 115
Warning (13024): Output pins are stuck at VCC or GND
    Warning (13410): Pin "numb_2[0]" is stuck at VCC File: D:/FPGA/de10_Program/NUMBER_COUNT/N_count.v Line: 5
    Warning (13410): Pin "numb_2[1]" is stuck at VCC File: D:/FPGA/de10_Program/NUMBER_COUNT/N_count.v Line: 5
    Warning (13410): Pin "numb_2[2]" is stuck at VCC File: D:/FPGA/de10_Program/NUMBER_COUNT/N_count.v Line: 5
    Warning (13410): Pin "numb_2[3]" is stuck at VCC File: D:/FPGA/de10_Program/NUMBER_COUNT/N_count.v Line: 5
    Warning (13410): Pin "numb_2[4]" is stuck at VCC File: D:/FPGA/de10_Program/NUMBER_COUNT/N_count.v Line: 5
    Warning (13410): Pin "numb_2[5]" is stuck at VCC File: D:/FPGA/de10_Program/NUMBER_COUNT/N_count.v Line: 5
    Warning (13410): Pin "numb_2[6]" is stuck at VCC File: D:/FPGA/de10_Program/NUMBER_COUNT/N_count.v Line: 5
    Warning (13410): Pin "numb_3[0]" is stuck at VCC File: D:/FPGA/de10_Program/NUMBER_COUNT/N_count.v Line: 6
    Warning (13410): Pin "numb_3[1]" is stuck at VCC File: D:/FPGA/de10_Program/NUMBER_COUNT/N_count.v Line: 6
    Warning (13410): Pin "numb_3[2]" is stuck at VCC File: D:/FPGA/de10_Program/NUMBER_COUNT/N_count.v Line: 6
    Warning (13410): Pin "numb_3[3]" is stuck at VCC File: D:/FPGA/de10_Program/NUMBER_COUNT/N_count.v Line: 6
    Warning (13410): Pin "numb_3[4]" is stuck at VCC File: D:/FPGA/de10_Program/NUMBER_COUNT/N_count.v Line: 6
    Warning (13410): Pin "numb_3[5]" is stuck at VCC File: D:/FPGA/de10_Program/NUMBER_COUNT/N_count.v Line: 6
    Warning (13410): Pin "numb_3[6]" is stuck at VCC File: D:/FPGA/de10_Program/NUMBER_COUNT/N_count.v Line: 6
    Warning (13410): Pin "numb_4[0]" is stuck at VCC File: D:/FPGA/de10_Program/NUMBER_COUNT/N_count.v Line: 7
    Warning (13410): Pin "numb_4[1]" is stuck at VCC File: D:/FPGA/de10_Program/NUMBER_COUNT/N_count.v Line: 7
    Warning (13410): Pin "numb_4[2]" is stuck at VCC File: D:/FPGA/de10_Program/NUMBER_COUNT/N_count.v Line: 7
    Warning (13410): Pin "numb_4[3]" is stuck at VCC File: D:/FPGA/de10_Program/NUMBER_COUNT/N_count.v Line: 7
    Warning (13410): Pin "numb_4[4]" is stuck at VCC File: D:/FPGA/de10_Program/NUMBER_COUNT/N_count.v Line: 7
    Warning (13410): Pin "numb_4[5]" is stuck at VCC File: D:/FPGA/de10_Program/NUMBER_COUNT/N_count.v Line: 7
    Warning (13410): Pin "numb_4[6]" is stuck at VCC File: D:/FPGA/de10_Program/NUMBER_COUNT/N_count.v Line: 7
    Warning (13410): Pin "numb_5[0]" is stuck at VCC File: D:/FPGA/de10_Program/NUMBER_COUNT/N_count.v Line: 9
    Warning (13410): Pin "numb_5[1]" is stuck at VCC File: D:/FPGA/de10_Program/NUMBER_COUNT/N_count.v Line: 9
    Warning (13410): Pin "numb_5[2]" is stuck at VCC File: D:/FPGA/de10_Program/NUMBER_COUNT/N_count.v Line: 9
    Warning (13410): Pin "numb_5[3]" is stuck at VCC File: D:/FPGA/de10_Program/NUMBER_COUNT/N_count.v Line: 9
    Warning (13410): Pin "numb_5[4]" is stuck at VCC File: D:/FPGA/de10_Program/NUMBER_COUNT/N_count.v Line: 9
    Warning (13410): Pin "numb_5[5]" is stuck at VCC File: D:/FPGA/de10_Program/NUMBER_COUNT/N_count.v Line: 9
    Warning (13410): Pin "numb_5[6]" is stuck at VCC File: D:/FPGA/de10_Program/NUMBER_COUNT/N_count.v Line: 9
Info (286030): Timing-Driven Synthesis is running
Info (144001): Generated suppressed messages file D:/FPGA/de10_Program/NUMBER_COUNT/output_files/N_count.map.smsg
Info (16010): Generating hard_block partition "hard_block:auto_generated_inst"
    Info (16011): Adding 0 node(s), including 0 DDIO, 0 PLL, 0 transceiver and 0 LCELL
Info (21057): Implemented 143 device resources after synthesis - the final resource count might be different
    Info (21058): Implemented 1 input pins
    Info (21059): Implemented 42 output pins
    Info (21061): Implemented 100 logic cells
Info: Quartus Prime Analysis & Synthesis was successful. 0 errors, 37 warnings
    Info: Peak virtual memory: 4774 megabytes
    Info: Processing ended: Thu Jun 23 21:29:26 2022
    Info: Elapsed time: 00:00:10
    Info: Total CPU time (on all processors): 00:00:14


+------------------------------------------+
; Analysis & Synthesis Suppressed Messages ;
+------------------------------------------+
The suppressed messages can be found in D:/FPGA/de10_Program/NUMBER_COUNT/output_files/N_count.map.smsg.


